C51 COMPILER V9.01   接收练_                                                              10/15/2012 18:07:45 PAGE 1   


C51 COMPILER V9.01, COMPILATION OF MODULE 接收练_
OBJECT MODULE PLACED IN 接收练习.OBJ
COMPILER INVOKED BY: D:\Keil\C51\BIN\C51.EXE 接收练习.c INCDIR(.\24L01;.\ziku;.\AT24C64;..\接收显示) DEBUG OBJECTEXTEND

line level    source

   1          #include<reg52.h>
   2          #include"24L01.h"
   3          #include"ziku.h"
   4          #include"24c64.h"
   5          extern uchar TxBuf[5];    
   6          extern uchar RxBuf[TX_PLOAD_WIDTH];
   7          extern uchar sta;
   8          extern uchar MAX_RT;//重发次数溢出中断，写1清除中断，如果MAX_RT产生中断，必须清楚后系统才能进行通
   9          extern uchar RX_DR;//接收数据中断，当收到有效数据后置1，写1清除中断
  10          extern uchar  TX_DS;//数据发送完成中断，写1清除中断 
  11          uchar a;
  12          uchar xdata xiancun1[96];
  13          uchar xdata xiancun2[96];
  14          uint num2;
  15          uchar b;                //接收中断标志（中断1）
  16          uchar stop=1;   //表示移动或者暂停移动标志位
  17          uchar wide=4;   //字体宽度标志
  18          uchar speed=2;  //字体移动速度
  19          uchar up=50;    //动态扫描上限
  20          uchar down=0;   //动态扫描下限
  21          void yanshi(uint x)
  22          {
  23   1              uint i,j;
  24   1              for(i=x;i>0;i--)
  25   1                      for(j=3;j>0;j--);
  26   1      }  
  27          void main()
  28          {
  29   1              uchar i,j=0,k=0,num=6;
  30   1              uchar cycle;    //所转的圈数标志
  31   1              uchar c;                //接收到的命令类型标志
  32   1              uchar d=0;              //不滚动显示时，开始显示汉字的位置
  33   1              init_24L01();           //24L01init
  34   1              AT24C64_init();
  35   1      
  36   1              EA=1;
  37   1              EX0=0;
  38   1              EX1=1;
  39   1              IT0=1;
  40   1              IT1=1;
  41   1              P0=0xff;                                 
  42   1              P1=0xff;
  43   1      /*      for(i=0;i<32;i++)
  44   1              {
  45   1                      RxBuf[i]=0xaa;
  46   1              }
  47   1              for(i=0;i<255;i++)
  48   1              {
  49   1                      page_write(i*32,RxBuf);
  50   1                      delayms(5);
  51   1                      P0=~P0;
  52   1              }       
  53   1              P0=0xff;  */
  54   1              for(i=0;i<32;i++)
  55   1              {
C51 COMPILER V9.01   接收练_                                                              10/15/2012 18:07:45 PAGE 2   

  56   2                      RxBuf[i]=dian[i];
  57   2              } 
  58   1              for(i=0;i<5;i++)
  59   1              {
  60   2                      TxBuf[i]=0x55;
  61   2              }
  62   1      //      RX_Mode(); 
  63   1              TX_Mode(TxBuf);         
  64   1              Check_ACK(1);   
  65   1              delayms(1);
  66   1      //      sta = SPI_Read(STATUS);   // 读状态寄存器
  67   1      //      SPI_RW_Reg(WRITE_REG + STATUS, sta|0x70);               //清空状态寄存器
  68   1              for(i=0;i<6;i++)
  69   1              {
  70   2                      sequential_read(32*i,16,xiancun1+16*i);
  71   2                      sequential_read(32*i+16,16,xiancun2+16*i);
  72   2              }          
  73   1              while(1)
  74   1              { 
  75   2                      RX_Mode();
  76   2                      if(b)
  77   2                      {
  78   3                              EX0=0;
  79   3                              SPI_Read_Buf(RD_RX_PLOAD, RxBuf, TX_PLOAD_WIDTH);
  80   3                              if(RxBuf[0]==0xaa&&RxBuf[1]==0x55)      //如果收到的是0xaa,0x55，表示收到的是命令，
  81   3                              {
  82   4                                      EA=0;
  83   4                                      c=RxBuf[2];
  84   4                                      switch(c)
  85   4                                      {
  86   5                                              case 1:                 //清除显示内容
  87   5                                                      for(i=0;i<32;i++)
  88   5                                                      RxBuf[i]=0;
  89   5                                                      for(i=0;i<255;i++)
  90   5                                                      {
  91   6                                                              page_write(i*32,RxBuf);
  92   6                                                              delayms(5);
  93   6                                                              P0=~P0;
  94   6                                                      }       
  95   5                                                      break;
  96   5                                              case 2:stop=!stop;break;
  97   5                                              case 3:                                  //字体宽度增加
  98   5                                                      wide++;
  99   5                                                      if(wide==10)wide=4;
 100   5                                                      break;
 101   5                                              case 4:                                   //字体宽度减小
 102   5                                                      wide--;
 103   5                                                      if(wide==0)wide=4;
 104   5                                                      break;
 105   5                                              case 5:                                         //字体移动速度增加
 106   5                                                      speed--;
 107   5                                                      if(speed==-1)speed=2;
 108   5                                                      break;                            //字体移动速度变慢
 109   5                                              case 6:
 110   5                                                      speed++;
 111   5                                                      if(speed==10)speed=2;
 112   5                                                      break;  
 113   5                                              case 7:                                 //不滚动显示时显示开始位置确定
 114   5                                                      d+=6;
 115   5                                                      if(d>250)d=0;
 116   5                                                      num=d+7;
 117   5                                                      for(i=0;i<6;i++)
C51 COMPILER V9.01   接收练_                                                              10/15/2012 18:07:45 PAGE 3   

 118   5                                                      {
 119   6                                                              sequential_read(32*(i+d),16,xiancun1+16*i);
 120   6                                                              sequential_read(32*(i+d)+16,16,xiancun2+16*i);
 121   6                                                      }
 122   5                                                      break;          
 123   5                                              case 8:                                   //不滚动显示时显示开始位置确定
 124   5                                                      d-=6;
 125   5                                                      if(d<0)d=250;
 126   5                                                      num=d+7;
 127   5                                                      for(i=0;i<6;i++)
 128   5                                                      {
 129   6                                                              sequential_read(32*(i+d),16,xiancun1+16*i);
 130   6                                                              sequential_read(32*(i+d)+16,16,xiancun2+16*i);
 131   6                                                      }
 132   5                                                      break;  
 133   5                                              case 9:                          //接收到的数据在24C64中存储的开始位置
 134   5                                                      num2=RxBuf[3];
 135   5                                                      break;
 136   5                                              case 10:                         //动态扫描范围上限
 137   5                                                      up=RxBuf[3];
 138   5                                                      break;
 139   5                                              case 11:                         //动态扫描范围下限
 140   5                                                      down=RxBuf[3];
 141   5                                                      break;                                          
 142   5                                      }
 143   4                                      EA=1;
 144   4                              }                                                                       //如果收到的不是命令，则表示收到的是数据
 145   3                              else 
 146   3                              {                                                               //则存入24c64
 147   4                                      page_write(num2,RxBuf);
 148   4                                      num2+=32;
 149   4                                      TxBuf[0]=num2/32;
 150   4                                      TxBuf[1]=num2/32;
 151   4                                      TxBuf[2]=0x55;                  //发送0x55表示接收到了，并通知主机要求发下一帧数据
 152   4                                      SPI_RW_Reg(WRITE_REG + STATUS, sta|0x70);
 153   4                                      TX_Mode(TxBuf);
 154   4                                      Check_ACK(1);
 155   4                              }       
 156   3                      }       
 157   2                      EX0=1;
 158   2                      a=1;    
 159   2                      if(b)a=0;
 160   2                      b=0;
 161   2                      while(a);
 162   2                      for(i=0;i<96;i++)
 163   2                      {
 164   3                              P0=~xiancun1[i];
 165   3                              P1=~xiancun2[i];
 166   3                              yanshi(wide);
 167   3                      }
 168   2                      P0=0xff;
 169   2                      P1=0xff;        
 170   2                      cycle++;
 171   2                      if(cycle>=speed&&stop)
 172   2                      {
 173   3                              cycle=0;
 174   3                              for(i=0;i<95;i++)
 175   3                              {
 176   4                                      xiancun1[i]=xiancun1[i+1];
 177   4                                      xiancun2[i]=xiancun2[i+1];
 178   4                              }
 179   3                              xiancun1[95]=read_add(32*num+k);                                //更新第六个汉字的第16列
C51 COMPILER V9.01   接收练_                                                              10/15/2012 18:07:45 PAGE 4   

 180   3                              xiancun2[95]=read_add(32*num+k+16);
 181   3                              k++;
 182   3                              if(k==16)
 183   3                              {
 184   4                                      k=0;
 185   4                                      num++;
 186   4                                      if(num>=up)
 187   4                                      num=down;
 188   4                              }
 189   3                      }
 190   2                                        
 191   2              }
 192   1      }
 193          void int0() interrupt 0
 194          {
 195   1              a=0;
 196   1              EX0=0;
 197   1      }
 198          void int1() interrupt 2
 199          {
 200   1              sta = SPI_Read(STATUS);   // 读状态寄存器
 201   1              RX_DR=sta>>6&0x01;
 202   1              if(RX_DR)
 203   1              {
 204   2                      EX0=0;
 205   2                      a=0;                            //防止接收到信号中断后，a=1；使程序停止
 206   2                      b=1;                            //表示接收到数据
 207   2              }
 208   1              SPI_RW_Reg(WRITE_REG + STATUS, sta|0x70);               
 209   1      }


MODULE INFORMATION:   STATIC OVERLAYABLE
   CODE SIZE        =   1110    ----
   CONSTANT SIZE    =   1344    ----
   XDATA SIZE       =    192    ----
   PDATA SIZE       =   ----    ----
   DATA SIZE        =      9       6
   IDATA SIZE       =   ----    ----
   BIT SIZE         =   ----    ----
END OF MODULE INFORMATION.


C51 COMPILATION COMPLETE.  0 WARNING(S),  0 ERROR(S)
