Replace Part ADC Header 5X2 in D:\软件资料\DXP\K60\VG扩展板\VG扩展版.SchDoc with Header 5X2 from Miscellaneous Connectors.IntLib
Replace Part BAT Header 2 in D:\软件资料\DXP\K60\VG扩展板\VG扩展版.SchDoc with Header 2 from Miscellaneous Connectors.IntLib
Replace Part BT Header 4 in D:\软件资料\DXP\K60\VG扩展板\VG扩展版.SchDoc with Header 4 from Miscellaneous Connectors.IntLib
Replace Part C0 Cap Pol1 in D:\软件资料\DXP\K60\VG扩展板\VG扩展版.SchDoc with Cap Pol1 from Miscellaneous Devices.IntLib
Replace Part C2 Cap Pol3 in D:\软件资料\DXP\K60\VG扩展板\VG扩展版.SchDoc with Cap Pol3 from Miscellaneous Devices.IntLib
Replace Part C5 Cap Pol3 in D:\软件资料\DXP\K60\VG扩展板\VG扩展版.SchDoc with Cap Pol3 from Miscellaneous Devices.IntLib
Replace Part C6 Cap Pol3 in D:\软件资料\DXP\K60\VG扩展板\VG扩展版.SchDoc with Cap Pol3 from Miscellaneous Devices.IntLib
Replace Part D0 LED3 in D:\软件资料\DXP\K60\VG扩展板\VG扩展版.SchDoc with LED3 from Miscellaneous Devices.IntLib
Replace Part D1 LED3 in D:\软件资料\DXP\K60\VG扩展板\VG扩展版.SchDoc with LED3 from Miscellaneous Devices.IntLib
Replace Part D4 Diode in D:\软件资料\DXP\K60\VG扩展板\VG扩展版.SchDoc with Diode from Miscellaneous Devices.IntLib
Replace Part DADJ LED3 in D:\软件资料\DXP\K60\VG扩展板\VG扩展版.SchDoc with LED3 from Miscellaneous Devices.IntLib
Replace Part DC3V Header 3X2H in D:\软件资料\DXP\K60\VG扩展板\VG扩展版.SchDoc with Header 3X2H from Miscellaneous Connectors.IntLib
Replace Part DJ Header 3 in D:\软件资料\DXP\K60\VG扩展板\VG扩展版.SchDoc with Header 3 from Miscellaneous Connectors.IntLib
Replace Part DSW SW-DIP4 in D:\软件资料\DXP\K60\VG扩展板\VG扩展版.SchDoc with SW-DIP4 from Miscellaneous Devices.IntLib
Replace Part EC0 Header 3X2 in D:\软件资料\DXP\K60\VG扩展板\VG扩展版.SchDoc with Header 3X2 from Miscellaneous Connectors.IntLib
Replace Part EC1 Header 3X2 in D:\软件资料\DXP\K60\VG扩展板\VG扩展版.SchDoc with Header 3X2 from Miscellaneous Connectors.IntLib
Replace Part EXIF Header 5X2 in D:\软件资料\DXP\K60\VG扩展板\VG扩展版.SchDoc with Header 5X2 from Miscellaneous Connectors.IntLib
Replace Part GHG Header 3 in D:\软件资料\DXP\K60\VG扩展板\VG扩展版.SchDoc with Header 3 from Miscellaneous Connectors.IntLib
Replace Part K0 SW-PB in D:\软件资料\DXP\K60\VG扩展板\VG扩展版.SchDoc with SW-PB from Miscellaneous Devices.IntLib
Replace Part K1 SW-PB in D:\软件资料\DXP\K60\VG扩展板\VG扩展版.SchDoc with SW-PB from Miscellaneous Devices.IntLib
Replace Part K2 SW-PB in D:\软件资料\DXP\K60\VG扩展板\VG扩展版.SchDoc with SW-PB from Miscellaneous Devices.IntLib
Replace Part L1 Inductor in D:\软件资料\DXP\K60\VG扩展板\VG扩展版.SchDoc with Inductor from Miscellaneous Devices.IntLib
Replace Part OVCCD Header 8X2 in D:\软件资料\DXP\K60\VG扩展板\VG扩展版.SchDoc with Header 8X2 from Miscellaneous Connectors.IntLib
Replace Part R2 Res3 in D:\软件资料\DXP\K60\VG扩展板\VG扩展版.SchDoc with Res3 from Miscellaneous Devices.IntLib
Replace Part R4 Res3 in D:\软件资料\DXP\K60\VG扩展板\VG扩展版.SchDoc with Res3 from Miscellaneous Devices.IntLib
Replace Part R5 Res3 in D:\软件资料\DXP\K60\VG扩展板\VG扩展版.SchDoc with Res3 from Miscellaneous Devices.IntLib
Replace Part R6 Res3 in D:\软件资料\DXP\K60\VG扩展板\VG扩展版.SchDoc with Res3 from Miscellaneous Devices.IntLib
Replace Part R7 Res3 in D:\软件资料\DXP\K60\VG扩展板\VG扩展版.SchDoc with Res3 from Miscellaneous Devices.IntLib
Replace Part R8 Res3 in D:\软件资料\DXP\K60\VG扩展板\VG扩展版.SchDoc with Res3 from Miscellaneous Devices.IntLib
Replace Part R11 Res3 in D:\软件资料\DXP\K60\VG扩展板\VG扩展版.SchDoc with Res3 from Miscellaneous Devices.IntLib
Replace Part R12 Res3 in D:\软件资料\DXP\K60\VG扩展板\VG扩展版.SchDoc with Res3 from Miscellaneous Devices.IntLib
Replace Part TSL Header 6X2 in D:\软件资料\DXP\K60\VG扩展板\VG扩展版.SchDoc with Header 6X2 from Miscellaneous Connectors.IntLib
Replace Part VR Res Tap in D:\软件资料\DXP\K60\VG扩展板\VG扩展版.SchDoc with Res Tap from Miscellaneous Devices.IntLib
